Traceback (most recent call last):
  File "/usr/local/lib/python3.11/dist-packages/jupyter_cache/executors/utils.py", line 58, in single_nb_execution
    executenb(
  File "/usr/local/lib/python3.11/dist-packages/nbclient/client.py", line 1319, in execute
    return NotebookClient(nb=nb, resources=resources, km=km, **kwargs).execute()
           ^^^^^^^^^^^^^^^^^^^^^^^^^^^^^^^^^^^^^^^^^^^^^^^^^^^^^^^^^^^^^^^^^^^^^
  File "/usr/local/lib/python3.11/dist-packages/jupyter_core/utils/__init__.py", line 165, in wrapped
    return loop.run_until_complete(inner)
           ^^^^^^^^^^^^^^^^^^^^^^^^^^^^^^
  File "/usr/lib/python3.11/asyncio/base_events.py", line 654, in run_until_complete
    return future.result()
           ^^^^^^^^^^^^^^^
  File "/usr/local/lib/python3.11/dist-packages/nbclient/client.py", line 709, in async_execute
    await self.async_execute_cell(
  File "/usr/local/lib/python3.11/dist-packages/nbclient/client.py", line 1062, in async_execute_cell
    await self._check_raise_for_error(cell, cell_index, exec_reply)
  File "/usr/local/lib/python3.11/dist-packages/nbclient/client.py", line 918, in _check_raise_for_error
    raise CellExecutionError.from_cell_and_msg(cell, exec_reply_content)
nbclient.exceptions.CellExecutionError: An error occurred while executing the following cell:
------------------
import psycopg2
import pymysql
import numpy as np
import pandas as pd
import seaborn as sns
import matplotlib.pyplot as plt
from scipy.spatial.distance import euclidean

def get_pg_data():
    conn = psycopg2.connect(
        host="pg-a44046a-postgresqlpendata.g.aivencloud.com",
        user="avnadmin",
        password="AVNS_OpeN9KvVOC1fGGGCEG-",
        database="defaultdb",
        port=21346
    )
    cursor = conn.cursor()
    cursor.execute("SELECT * FROM bilqiz.postgres")
    data = cursor.fetchall()
    columns = [desc[0] for desc in cursor.description]
    cursor.close()
    conn.close()
    return pd.DataFrame(data, columns=columns)

def get_mysql_data():
    conn = pymysql.connect(
        host="mysql-c5ffcaf-mysqlpendataa.g.aivencloud.com",
        user="avnadmin",
        password="AVNS_84u5GTktRvy0MOoNzQD",
        database="bilqizah",
        port=20432
    )
    cursor = conn.cursor()
    cursor.execute("SELECT * FROM flowers")
    data = cursor.fetchall()
    columns = [desc[0] for desc in cursor.description]
    cursor.close()
    conn.close()
    return pd.DataFrame(data, columns=columns)

# Ambil data dari kedua database
df_postgresql = get_pg_data()
df_mysql = get_mysql_data()

# Gabungkan berdasarkan kolom 'id' dan 'Class'
df_merged = pd.merge(df_mysql, df_postgresql, on=["id", "class"], how="inner")

# Ambil data fitur numerik
feature_columns = ["petal length", "petal width", "sepal length", "sepal width"]
data_values = df_merged[feature_columns].values
------------------


[0;31m---------------------------------------------------------------------------[0m
[0;31mKeyError[0m                                  Traceback (most recent call last)
[0;32m<ipython-input-3-7848100172aa>[0m in [0;36m<cell line: 0>[0;34m()[0m
[1;32m     48[0m [0;31m# Ambil data fitur numerik[0m[0;34m[0m[0;34m[0m[0m
[1;32m     49[0m [0mfeature_columns[0m [0;34m=[0m [0;34m[[0m[0;34m"petal length"[0m[0;34m,[0m [0;34m"petal width"[0m[0;34m,[0m [0;34m"sepal length"[0m[0;34m,[0m [0;34m"sepal width"[0m[0;34m][0m[0;34m[0m[0;34m[0m[0m
[0;32m---> 50[0;31m [0mdata_values[0m [0;34m=[0m [0mdf_merged[0m[0;34m[[0m[0mfeature_columns[0m[0;34m][0m[0;34m.[0m[0mvalues[0m[0;34m[0m[0;34m[0m[0m
[0m
[0;32m/usr/local/lib/python3.11/dist-packages/pandas/core/frame.py[0m in [0;36m__getitem__[0;34m(self, key)[0m
[1;32m   4106[0m             [0;32mif[0m [0mis_iterator[0m[0;34m([0m[0mkey[0m[0;34m)[0m[0;34m:[0m[0;34m[0m[0;34m[0m[0m
[1;32m   4107[0m                 [0mkey[0m [0;34m=[0m [0mlist[0m[0;34m([0m[0mkey[0m[0;34m)[0m[0;34m[0m[0;34m[0m[0m
[0;32m-> 4108[0;31m             [0mindexer[0m [0;34m=[0m [0mself[0m[0;34m.[0m[0mcolumns[0m[0;34m.[0m[0m_get_indexer_strict[0m[0;34m([0m[0mkey[0m[0;34m,[0m [0;34m"columns"[0m[0;34m)[0m[0;34m[[0m[0;36m1[0m[0;34m][0m[0;34m[0m[0;34m[0m[0m
[0m[1;32m   4109[0m [0;34m[0m[0m
[1;32m   4110[0m         [0;31m# take() does not accept boolean indexers[0m[0;34m[0m[0;34m[0m[0m

[0;32m/usr/local/lib/python3.11/dist-packages/pandas/core/indexes/base.py[0m in [0;36m_get_indexer_strict[0;34m(self, key, axis_name)[0m
[1;32m   6198[0m             [0mkeyarr[0m[0;34m,[0m [0mindexer[0m[0;34m,[0m [0mnew_indexer[0m [0;34m=[0m [0mself[0m[0;34m.[0m[0m_reindex_non_unique[0m[0;34m([0m[0mkeyarr[0m[0;34m)[0m[0;34m[0m[0;34m[0m[0m
[1;32m   6199[0m [0;34m[0m[0m
[0;32m-> 6200[0;31m         [0mself[0m[0;34m.[0m[0m_raise_if_missing[0m[0;34m([0m[0mkeyarr[0m[0;34m,[0m [0mindexer[0m[0;34m,[0m [0maxis_name[0m[0;34m)[0m[0;34m[0m[0;34m[0m[0m
[0m[1;32m   6201[0m [0;34m[0m[0m
[1;32m   6202[0m         [0mkeyarr[0m [0;34m=[0m [0mself[0m[0;34m.[0m[0mtake[0m[0;34m([0m[0mindexer[0m[0;34m)[0m[0;34m[0m[0;34m[0m[0m

[0;32m/usr/local/lib/python3.11/dist-packages/pandas/core/indexes/base.py[0m in [0;36m_raise_if_missing[0;34m(self, key, indexer, axis_name)[0m
[1;32m   6247[0m         [0;32mif[0m [0mnmissing[0m[0;34m:[0m[0;34m[0m[0;34m[0m[0m
[1;32m   6248[0m             [0;32mif[0m [0mnmissing[0m [0;34m==[0m [0mlen[0m[0;34m([0m[0mindexer[0m[0;34m)[0m[0;34m:[0m[0;34m[0m[0;34m[0m[0m
[0;32m-> 6249[0;31m                 [0;32mraise[0m [0mKeyError[0m[0;34m([0m[0;34mf"None of [{key}] are in the [{axis_name}]"[0m[0;34m)[0m[0;34m[0m[0;34m[0m[0m
[0m[1;32m   6250[0m [0;34m[0m[0m
[1;32m   6251[0m             [0mnot_found[0m [0;34m=[0m [0mlist[0m[0;34m([0m[0mensure_index[0m[0;34m([0m[0mkey[0m[0;34m)[0m[0;34m[[0m[0mmissing_mask[0m[0;34m.[0m[0mnonzero[0m[0;34m([0m[0;34m)[0m[0;34m[[0m[0;36m0[0m[0;34m][0m[0;34m][0m[0;34m.[0m[0munique[0m[0;34m([0m[0;34m)[0m[0;34m)[0m[0;34m[0m[0;34m[0m[0m

[0;31mKeyError[0m: "None of [Index(['petal length', 'petal width', 'sepal length', 'sepal width'], dtype='object')] are in the [columns]"

